<?xml version="1.0" encoding="UTF-8"?>
<!-- Generated by org.testng.reporters.JUnitReportReporter -->
<testsuite hostname="DESKTOP-ML4H4PI" failures="0" tests="1" name="Test_ng_programs.Test_ng_class" time="0.014" errors="0" timestamp="2022-10-29T23:19:35 IST" skipped="0">
  <testcase classname="Test_ng_programs.Test_ng_class" name="m1" time="0.014"/>
  <system-out>
    <![CDATA[Hii]]>
  </system-out>
</testsuite> <!-- Test_ng_programs.Test_ng_class -->
